[2025-06-21T16:30:23.795Z] GET /api/auth/login
[2025-06-21T16:30:36.917Z] POST /api/auth/login
[2025-06-21T16:31:27.932Z] POST /api/auth/login
[2025-06-21T16:31:52.798Z] POST /api/auth/login
[2025-06-21T16:38:34.352Z] POST /api/auth/login
[2025-06-21T16:45:22.367Z] POST /api/auth/register
[2025-06-21T17:01:59.295Z] POST /api/auth/register
[2025-06-21T17:06:18.616Z] POST /api/auth/register
[2025-06-21T19:24:40.892Z] POST /api/auth/register
[2025-06-21T19:24:56.902Z] GET /api/wallet/balance
[2025-06-21T19:25:02.558Z] GET /api/wallet/balance
[2025-06-21T19:25:15.325Z] GET /api/wallet/balance
[2025-06-21T19:25:55.177Z] POST /api/auth/login
[2025-06-21T19:26:14.117Z] GET /api/wallet/balance
[2025-06-21T19:26:50.295Z] GET /api/wallet/balance
[2025-06-21T19:28:22.362Z] GET /api/wallet/balance
[2025-06-21T19:28:37.896Z] GET /api/wallet/balance
[2025-06-21T19:28:41.338Z] POST /api/auth/login
[2025-06-21T19:29:04.129Z] GET /api/wallet/balance
[2025-06-21T19:31:30.293Z] POST /api/auth/register
[2025-06-21T19:31:36.644Z] GET /api/wallet/balance
[2025-06-21T19:31:54.900Z] GET /api/wallet/create
[2025-06-21T19:32:05.588Z] POST /api/auth/login
[2025-06-21T19:32:19.852Z] GET /api/wallet/create
[2025-06-21T19:32:31.540Z] GET /api/wallet/create
[2025-06-21T19:32:41.427Z] POST /api/wallet/create
[2025-06-21T19:33:13.692Z] POST /api/auth/login
[2025-06-21T19:33:28.253Z] GET /api/wallet/balance
[2025-06-21T19:35:53.625Z] POST /api/auth/register
[2025-06-21T19:37:21.528Z] POST /api/auth/register
[2025-06-21T19:37:29.174Z] POST /api/auth/register
[2025-06-21T19:37:46.122Z] POST /api/auth/register
[2025-06-21T19:40:08.172Z] POST /api/auth/register
[2025-06-21T19:40:13.705Z] POST /api/auth/register
[2025-06-21T19:40:29.289Z] POST /api/auth/register
[2025-06-21T19:40:34.462Z] POST /api/auth/register
[2025-06-21T19:48:11.351Z] POST /api/wallet/fund
[2025-06-21T19:48:17.173Z] POST /api/auth/login
[2025-06-21T19:48:42.798Z] POST /api/wallet/fund
[2025-06-21T19:49:33.112Z] POST /api/wallet/fund
[2025-06-21T19:49:59.126Z] POST /api/wallet/fund
[2025-06-21T19:50:22.660Z] POST /api/wallet/fund
[2025-06-21T19:51:54.153Z] POST /api/wallet/fund
[2025-06-21T19:52:27.163Z] POST /api/wallet/fund
[2025-06-21T19:52:46.532Z] POST /api/wallet/fund
[2025-06-21T19:53:26.065Z] POST /api/auth/login
[2025-06-21T19:54:13.816Z] POST /api/wallet/fund
[2025-06-21T20:10:10.451Z] POST /api/wallet/transfer
[2025-06-21T20:10:26.789Z] POST /api/auth/register
[2025-06-21T20:10:36.349Z] POST /api/auth/login
[2025-06-21T20:11:29.799Z] POST /api/wallet/transfer
[2025-06-21T20:11:41.737Z] POST /api/wallet/transfer
[2025-06-21T20:12:17.076Z] GET /api/wallet/balance
[2025-06-21T20:25:14.709Z] GET /api/wallet/balance
[2025-06-21T20:25:29.132Z] GET /api/wallet/balance?currency=USD%0A
[2025-06-21T20:25:36.340Z] GET /api/wallet/balance?currency=USD%0A
[2025-06-21T20:25:41.570Z] POST /api/auth/login
[2025-06-21T20:26:06.899Z] GET /api/wallet/balance?currency=USD%0A
[2025-06-21T20:27:09.542Z] GET /api/wallet/balance?currency=USD%0A
[2025-06-21T20:27:29.587Z] GET /api/wallet/balance?currency=USD%0A
[2025-06-21T20:30:21.264Z] GET /api/wallet/balance?currency=USD%0A
[2025-06-21T20:30:53.259Z] GET /api/wallet/balance?currency=USD%0A
[2025-06-21T20:31:04.418Z] GET /api/wallet/balance?currency=USD%0A
[2025-06-21T20:31:14.823Z] GET /api/wallet/balance?currency=USD%0A
[2025-06-21T20:36:01.609Z] GET /api/wallet/balance?currency=USD%0A
[2025-06-21T20:37:18.090Z] GET /api/wallet/balance?currency=USD%0A
[2025-06-21T20:37:28.207Z] GET /api/wallet/balance?currency=USD
[2025-06-21T20:47:03.993Z] GET /api/wallet/stmt
[2025-06-21T20:47:09.375Z] POST /api/auth/login
[2025-06-21T20:47:39.413Z] GET /api/wallet/stmt
[2025-06-21T20:48:54.017Z] GET /api/wallet/stmt
[2025-06-21T20:55:31.636Z] POST /api/auth/login
[2025-06-21T20:55:59.605Z] POST /api/product
[2025-06-21T20:56:13.629Z] POST /api/product
[2025-06-21T21:02:47.453Z] POST /api/product/buy
[2025-06-21T21:03:01.091Z] POST /api/product/buy
[2025-06-21T21:04:09.681Z] POST /api/product/buy
[2025-06-21T21:05:11.900Z] POST /api/product/buy
[2025-06-22T03:39:58.995Z] POST /api/product
[2025-06-22T03:47:09.507Z] POST /api/product
[2025-06-22T03:47:23.528Z] POST /api/auth/login
[2025-06-22T03:47:35.866Z] GET /api/wallet/balance?currency=USD
[2025-06-22T04:06:22.665Z] POST /api/product/buy
[2025-06-22T04:06:33.293Z] POST /api/auth/login
[2025-06-22T04:06:50.532Z] GET /api/wallet/balance?currency=USD
[2025-06-22T04:07:00.452Z] GET /api/wallet/balance?currency=USD
[2025-06-22T04:07:12.601Z] GET /api/wallet/balance
[2025-06-22T04:07:32.728Z] GET /api/wallet/balance?currency=USD%0A
[2025-06-22T04:07:47.805Z] GET /api/wallet/stmt
[2025-06-22T04:07:52.975Z] POST /api/auth/login
[2025-06-22T04:08:30.085Z] GET /api/wallet/stmt
[2025-06-22T04:09:36.368Z] GET /api/wallet/stmt
[2025-06-22T04:09:41.027Z] POST /api/auth/login
[2025-06-22T04:09:56.977Z] GET /api/wallet/stmt
[2025-06-22T04:10:15.968Z] GET /api/wallet/stmt
[2025-06-22T04:10:27.035Z] POST /api/auth/login
[2025-06-22T04:10:48.300Z] POST /api/product/buy
[2025-06-22T04:11:14.857Z] GET /api/wallet/stmt
[2025-06-22T04:35:43.616Z] POST /api/auth/login
[2025-06-22T04:35:53.471Z] POST /api/auth/register
[2025-06-22T04:36:23.073Z] POST /api/auth/register
[2025-06-22T04:36:42.894Z] POST /api/auth/register
[2025-06-22T04:36:52.448Z] POST /api/auth/login
[2025-06-22T04:36:58.987Z] POST /api/auth/login
[2025-06-22T04:37:26.399Z] GET /api/wallet/balance?currency=USD%0A
[2025-06-22T04:37:34.350Z] GET /api/wallet/balance?currency=USD
[2025-06-22T04:38:05.776Z] POST /api/wallet/fund
[2025-06-22T04:38:13.939Z] GET /api/wallet/balance?currency=USD
[2025-06-22T04:38:21.587Z] GET /api/wallet/balance
[2025-06-22T04:38:33.102Z] GET /api/wallet/balance?currency=USD
[2025-06-22T04:38:40.129Z] GET /api/wallet/balance?currency=INR
[2025-06-22T04:38:59.946Z] GET /api/wallet/stmt
[2025-06-22T04:39:14.225Z] POST /api/auth/login
[2025-06-22T04:39:32.326Z] POST /api/wallet/fund
[2025-06-22T04:39:41.462Z] POST /api/wallet/fund
[2025-06-22T04:39:46.545Z] POST /api/wallet/fund
[2025-06-22T04:40:03.013Z] POST /api/wallet/transfer
[2025-06-22T04:40:15.489Z] POST /api/wallet/transfer
[2025-06-22T04:40:20.286Z] POST /api/wallet/transfer
[2025-06-22T04:40:43.515Z] GET /api/wallet/balance?currency=INR
[2025-06-22T04:40:54.131Z] GET /api/wallet/stmt
[2025-06-22T04:43:15.600Z] GET /api/wallet/stmt
[2025-06-22T04:44:56.535Z] POST /api/wallet/fund
[2025-06-22T04:46:05.549Z] POST /api/wallet/fund
[2025-06-22T04:46:14.635Z] GET /api/wallet/stmt
[2025-06-22T04:46:41.732Z] GET /api/wallet/stmt
[2025-06-22T04:47:46.354Z] POST /api/auth/register
[2025-06-22T04:47:58.578Z] POST /api/auth/register
[2025-06-22T04:48:06.167Z] POST /api/auth/login
[2025-06-22T04:48:12.061Z] POST /api/auth/login
[2025-06-22T04:48:40.435Z] POST /api/product
[2025-06-22T04:49:12.429Z] POST /api/product
[2025-06-22T04:50:00.815Z] POST /api/product
[2025-06-22T04:50:58.954Z] GET /api/wallet/balance?currency=INR
[2025-06-22T04:51:07.494Z] POST /api/auth/login
[2025-06-22T04:51:24.934Z] GET /api/wallet/balance?currency=INR
[2025-06-22T04:51:43.445Z] GET /api/wallet/stmt
[2025-06-22T04:52:31.513Z] GET /api/wallet/balance?currency=INR
[2025-06-22T04:52:49.537Z] GET /api/wallet/balance?currency=INR
[2025-06-22T04:53:06.761Z] GET /api/wallet/stmt
[2025-06-22T04:53:30.699Z] POST /api/wallet/transfer
[2025-06-22T04:53:43.217Z] GET /api/wallet/balance?currency=INR
[2025-06-22T04:53:58.831Z] GET /api/wallet/balance?currency=INR
[2025-06-22T04:54:06.275Z] GET /api/wallet/stmt
[2025-06-22T05:01:43.420Z] POST /api/wallet/fund
[2025-06-22T05:03:08.918Z] POST /api/auth/login
[2025-06-22T05:03:13.293Z] POST /api/auth/register
[2025-06-22T05:03:25.695Z] POST /api/auth/login
[2025-06-22T05:03:53.188Z] POST /api/auth/login
[2025-06-22T05:04:14.516Z] GET /api/wallet/balance?currency=INR
[2025-06-22T05:04:27.611Z] POST /api/wallet/fund
[2025-06-22T05:05:54.146Z] POST /api/wallet/fund
[2025-06-22T05:05:57.894Z] POST /api/wallet/fund
[2025-06-22T05:06:02.670Z] GET /api/wallet/stmt
[2025-06-22T05:06:18.968Z] GET /api/wallet/stmt
[2025-06-22T05:08:04.364Z] POST /api/auth/register
[2025-06-22T05:08:09.094Z] POST /api/auth/login
[2025-06-22T05:08:17.806Z] GET /api/wallet/balance?currency=INR
[2025-06-22T05:08:27.099Z] GET /api/wallet/balance?currency=INR
[2025-06-22T05:08:51.520Z] POST /api/wallet/fund
[2025-06-22T05:08:56.964Z] GET /api/wallet/balance?currency=INR
[2025-06-22T05:09:00.426Z] GET /api/wallet/stmt
[2025-06-22T05:09:09.944Z] GET /api/wallet/stmt
[2025-06-22T05:09:25.796Z] POST /api/wallet/fund
[2025-06-22T05:09:29.451Z] GET /api/wallet/stmt
[2025-06-22T05:09:54.669Z] POST /api/wallet/transfer
[2025-06-22T05:10:03.031Z] GET /api/wallet/stmt
[2025-06-22T05:10:21.370Z] GET /api/wallet/balance?currency=INR
[2025-06-22T05:10:35.510Z] GET /api/wallet/stmt
[2025-06-22T05:10:48.262Z] POST /api/product
